2018-03-09 16:43:56 DfPreferences [WARN] [DFC_PREFERENCE_UNKNOWN_NAME] "repositorio" is not a recognized preference name
com.documentum.fc.impl.util.ThrowableStack
	at com.documentum.fc.common.impl.preferences.TypedPreferences.warnOnceAboutUnknownPreference(TypedPreferences.java:420)
	at com.documentum.fc.common.impl.preferences.TypedPreferences.warnAboutUnknownPreferences(TypedPreferences.java:411)
	at com.documentum.fc.common.impl.preferences.TypedPreferences.loadProperties(TypedPreferences.java:335)
	at com.documentum.fc.common.DfPreferences.loadProperties(DfPreferences.java:377)
	at com.documentum.fc.common.impl.preferences.PreferencesManager.<init>(PreferencesManager.java:38)
	at com.documentum.fc.common.DfPreferences.initialize(DfPreferences.java:64)
	at com.documentum.fc.common.DfPreferences.getInstance(DfPreferences.java:43)
	at com.documentum.fc.client.DfSimpleDbor.getDefaultDbor(DfSimpleDbor.java:78)
	at com.documentum.fc.client.DfSimpleDbor.<init>(DfSimpleDbor.java:66)
	at com.documentum.fc.client.DfClient$ClientImpl.<init>(DfClient.java:350)
	at com.documentum.fc.client.DfClient.<clinit>(DfClient.java:766)
	at com.documentum.com.DfClientX.getDFCVersion(DfClientX.java:304)
	at es.documentum.utilidades.UtilidadesDocumentum.DameVersionDFC(UtilidadesDocumentum.java:617)
	at es.documentum.pantalla.PantallaDocumentum.inicializar(PantallaDocumentum.java:2440)
	at es.documentum.pantalla.PantallaDocumentum.<init>(PantallaDocumentum.java:114)
	at es.documentum.pantalla.PantallaDocumentum$61.run(PantallaDocumentum.java:1936)
	at java.awt.event.InvocationEvent.dispatch(InvocationEvent.java:311)
	at java.awt.EventQueue.dispatchEventImpl(EventQueue.java:756)
	at java.awt.EventQueue.access$500(EventQueue.java:97)
	at java.awt.EventQueue$3.run(EventQueue.java:709)
	at java.awt.EventQueue$3.run(EventQueue.java:703)
	at java.security.AccessController.doPrivileged(Native Method)
	at java.security.ProtectionDomain$JavaSecurityAccessImpl.doIntersectionPrivilege(ProtectionDomain.java:76)
	at java.awt.EventQueue.dispatchEvent(EventQueue.java:726)
	at java.awt.EventDispatchThread.pumpOneEventForFilters(EventDispatchThread.java:201)
	at java.awt.EventDispatchThread.pumpEventsForFilter(EventDispatchThread.java:116)
	at java.awt.EventDispatchThread.pumpEventsForHierarchy(EventDispatchThread.java:105)
	at java.awt.EventDispatchThread.pumpEvents(EventDispatchThread.java:101)
	at java.awt.EventDispatchThread.pumpEvents(EventDispatchThread.java:93)
	at java.awt.EventDispatchThread.run(EventDispatchThread.java:82)
2018-03-09 16:43:56 DfPreferences [WARN] [DFC_PREFERENCE_UNKNOWN_NAME] "usuario" is not a recognized preference name
com.documentum.fc.impl.util.ThrowableStack
	at com.documentum.fc.common.impl.preferences.TypedPreferences.warnOnceAboutUnknownPreference(TypedPreferences.java:420)
	at com.documentum.fc.common.impl.preferences.TypedPreferences.warnAboutUnknownPreferences(TypedPreferences.java:411)
	at com.documentum.fc.common.impl.preferences.TypedPreferences.loadProperties(TypedPreferences.java:335)
	at com.documentum.fc.common.DfPreferences.loadProperties(DfPreferences.java:377)
	at com.documentum.fc.common.impl.preferences.PreferencesManager.<init>(PreferencesManager.java:38)
	at com.documentum.fc.common.DfPreferences.initialize(DfPreferences.java:64)
	at com.documentum.fc.common.DfPreferences.getInstance(DfPreferences.java:43)
	at com.documentum.fc.client.DfSimpleDbor.getDefaultDbor(DfSimpleDbor.java:78)
	at com.documentum.fc.client.DfSimpleDbor.<init>(DfSimpleDbor.java:66)
	at com.documentum.fc.client.DfClient$ClientImpl.<init>(DfClient.java:350)
	at com.documentum.fc.client.DfClient.<clinit>(DfClient.java:766)
	at com.documentum.com.DfClientX.getDFCVersion(DfClientX.java:304)
	at es.documentum.utilidades.UtilidadesDocumentum.DameVersionDFC(UtilidadesDocumentum.java:617)
	at es.documentum.pantalla.PantallaDocumentum.inicializar(PantallaDocumentum.java:2440)
	at es.documentum.pantalla.PantallaDocumentum.<init>(PantallaDocumentum.java:114)
	at es.documentum.pantalla.PantallaDocumentum$61.run(PantallaDocumentum.java:1936)
	at java.awt.event.InvocationEvent.dispatch(InvocationEvent.java:311)
	at java.awt.EventQueue.dispatchEventImpl(EventQueue.java:756)
	at java.awt.EventQueue.access$500(EventQueue.java:97)
	at java.awt.EventQueue$3.run(EventQueue.java:709)
	at java.awt.EventQueue$3.run(EventQueue.java:703)
	at java.security.AccessController.doPrivileged(Native Method)
	at java.security.ProtectionDomain$JavaSecurityAccessImpl.doIntersectionPrivilege(ProtectionDomain.java:76)
	at java.awt.EventQueue.dispatchEvent(EventQueue.java:726)
	at java.awt.EventDispatchThread.pumpOneEventForFilters(EventDispatchThread.java:201)
	at java.awt.EventDispatchThread.pumpEventsForFilter(EventDispatchThread.java:116)
	at java.awt.EventDispatchThread.pumpEventsForHierarchy(EventDispatchThread.java:105)
	at java.awt.EventDispatchThread.pumpEvents(EventDispatchThread.java:101)
	at java.awt.EventDispatchThread.pumpEvents(EventDispatchThread.java:93)
	at java.awt.EventDispatchThread.run(EventDispatchThread.java:82)
2018-03-09 16:43:56 DfPreferences [WARN] [DFC_PREFERENCE_UNKNOWN_NAME] "password" is not a recognized preference name
com.documentum.fc.impl.util.ThrowableStack
	at com.documentum.fc.common.impl.preferences.TypedPreferences.warnOnceAboutUnknownPreference(TypedPreferences.java:420)
	at com.documentum.fc.common.impl.preferences.TypedPreferences.warnAboutUnknownPreferences(TypedPreferences.java:411)
	at com.documentum.fc.common.impl.preferences.TypedPreferences.loadProperties(TypedPreferences.java:335)
	at com.documentum.fc.common.DfPreferences.loadProperties(DfPreferences.java:377)
	at com.documentum.fc.common.impl.preferences.PreferencesManager.<init>(PreferencesManager.java:38)
	at com.documentum.fc.common.DfPreferences.initialize(DfPreferences.java:64)
	at com.documentum.fc.common.DfPreferences.getInstance(DfPreferences.java:43)
	at com.documentum.fc.client.DfSimpleDbor.getDefaultDbor(DfSimpleDbor.java:78)
	at com.documentum.fc.client.DfSimpleDbor.<init>(DfSimpleDbor.java:66)
	at com.documentum.fc.client.DfClient$ClientImpl.<init>(DfClient.java:350)
	at com.documentum.fc.client.DfClient.<clinit>(DfClient.java:766)
	at com.documentum.com.DfClientX.getDFCVersion(DfClientX.java:304)
	at es.documentum.utilidades.UtilidadesDocumentum.DameVersionDFC(UtilidadesDocumentum.java:617)
	at es.documentum.pantalla.PantallaDocumentum.inicializar(PantallaDocumentum.java:2440)
	at es.documentum.pantalla.PantallaDocumentum.<init>(PantallaDocumentum.java:114)
	at es.documentum.pantalla.PantallaDocumentum$61.run(PantallaDocumentum.java:1936)
	at java.awt.event.InvocationEvent.dispatch(InvocationEvent.java:311)
	at java.awt.EventQueue.dispatchEventImpl(EventQueue.java:756)
	at java.awt.EventQueue.access$500(EventQueue.java:97)
	at java.awt.EventQueue$3.run(EventQueue.java:709)
	at java.awt.EventQueue$3.run(EventQueue.java:703)
	at java.security.AccessController.doPrivileged(Native Method)
	at java.security.ProtectionDomain$JavaSecurityAccessImpl.doIntersectionPrivilege(ProtectionDomain.java:76)
	at java.awt.EventQueue.dispatchEvent(EventQueue.java:726)
	at java.awt.EventDispatchThread.pumpOneEventForFilters(EventDispatchThread.java:201)
	at java.awt.EventDispatchThread.pumpEventsForFilter(EventDispatchThread.java:116)
	at java.awt.EventDispatchThread.pumpEventsForHierarchy(EventDispatchThread.java:105)
	at java.awt.EventDispatchThread.pumpEvents(EventDispatchThread.java:101)
	at java.awt.EventDispatchThread.pumpEvents(EventDispatchThread.java:93)
	at java.awt.EventDispatchThread.run(EventDispatchThread.java:82)
2018-03-09 16:43:57 DfPreferences [WARN] [DFC_PREFERENCE_UNKNOWN_NAME] "repositorio" is not a recognized preference name
com.documentum.fc.impl.util.ThrowableStack
	at com.documentum.fc.common.impl.preferences.TypedPreferences.warnOnceAboutUnknownPreference(TypedPreferences.java:420)
	at com.documentum.fc.common.impl.preferences.TypedPreferences.warnAboutUnknownPreferences(TypedPreferences.java:411)
	at com.documentum.fc.common.impl.preferences.TypedPreferences.loadProperties(TypedPreferences.java:335)
	at com.documentum.fc.common.DfPreferences.loadProperties(DfPreferences.java:377)
	at com.documentum.fc.common.impl.preferences.PreferencesManager.<init>(PreferencesManager.java:39)
	at com.documentum.fc.common.DfPreferences.initialize(DfPreferences.java:64)
	at com.documentum.fc.common.DfPreferences.getInstance(DfPreferences.java:43)
	at com.documentum.fc.client.DfSimpleDbor.getDefaultDbor(DfSimpleDbor.java:78)
	at com.documentum.fc.client.DfSimpleDbor.<init>(DfSimpleDbor.java:66)
	at com.documentum.fc.client.DfClient$ClientImpl.<init>(DfClient.java:350)
	at com.documentum.fc.client.DfClient.<clinit>(DfClient.java:766)
	at com.documentum.com.DfClientX.getDFCVersion(DfClientX.java:304)
	at es.documentum.utilidades.UtilidadesDocumentum.DameVersionDFC(UtilidadesDocumentum.java:617)
	at es.documentum.pantalla.PantallaDocumentum.inicializar(PantallaDocumentum.java:2440)
	at es.documentum.pantalla.PantallaDocumentum.<init>(PantallaDocumentum.java:114)
	at es.documentum.pantalla.PantallaDocumentum$61.run(PantallaDocumentum.java:1936)
	at java.awt.event.InvocationEvent.dispatch(InvocationEvent.java:311)
	at java.awt.EventQueue.dispatchEventImpl(EventQueue.java:756)
	at java.awt.EventQueue.access$500(EventQueue.java:97)
	at java.awt.EventQueue$3.run(EventQueue.java:709)
	at java.awt.EventQueue$3.run(EventQueue.java:703)
	at java.security.AccessController.doPrivileged(Native Method)
	at java.security.ProtectionDomain$JavaSecurityAccessImpl.doIntersectionPrivilege(ProtectionDomain.java:76)
	at java.awt.EventQueue.dispatchEvent(EventQueue.java:726)
	at java.awt.EventDispatchThread.pumpOneEventForFilters(EventDispatchThread.java:201)
	at java.awt.EventDispatchThread.pumpEventsForFilter(EventDispatchThread.java:116)
	at java.awt.EventDispatchThread.pumpEventsForHierarchy(EventDispatchThread.java:105)
	at java.awt.EventDispatchThread.pumpEvents(EventDispatchThread.java:101)
	at java.awt.EventDispatchThread.pumpEvents(EventDispatchThread.java:93)
	at java.awt.EventDispatchThread.run(EventDispatchThread.java:82)
2018-03-09 16:43:57 DfPreferences [WARN] [DFC_PREFERENCE_UNKNOWN_NAME] "usuario" is not a recognized preference name
com.documentum.fc.impl.util.ThrowableStack
	at com.documentum.fc.common.impl.preferences.TypedPreferences.warnOnceAboutUnknownPreference(TypedPreferences.java:420)
	at com.documentum.fc.common.impl.preferences.TypedPreferences.warnAboutUnknownPreferences(TypedPreferences.java:411)
	at com.documentum.fc.common.impl.preferences.TypedPreferences.loadProperties(TypedPreferences.java:335)
	at com.documentum.fc.common.DfPreferences.loadProperties(DfPreferences.java:377)
	at com.documentum.fc.common.impl.preferences.PreferencesManager.<init>(PreferencesManager.java:39)
	at com.documentum.fc.common.DfPreferences.initialize(DfPreferences.java:64)
	at com.documentum.fc.common.DfPreferences.getInstance(DfPreferences.java:43)
	at com.documentum.fc.client.DfSimpleDbor.getDefaultDbor(DfSimpleDbor.java:78)
	at com.documentum.fc.client.DfSimpleDbor.<init>(DfSimpleDbor.java:66)
	at com.documentum.fc.client.DfClient$ClientImpl.<init>(DfClient.java:350)
	at com.documentum.fc.client.DfClient.<clinit>(DfClient.java:766)
	at com.documentum.com.DfClientX.getDFCVersion(DfClientX.java:304)
	at es.documentum.utilidades.UtilidadesDocumentum.DameVersionDFC(UtilidadesDocumentum.java:617)
	at es.documentum.pantalla.PantallaDocumentum.inicializar(PantallaDocumentum.java:2440)
	at es.documentum.pantalla.PantallaDocumentum.<init>(PantallaDocumentum.java:114)
	at es.documentum.pantalla.PantallaDocumentum$61.run(PantallaDocumentum.java:1936)
	at java.awt.event.InvocationEvent.dispatch(InvocationEvent.java:311)
	at java.awt.EventQueue.dispatchEventImpl(EventQueue.java:756)
	at java.awt.EventQueue.access$500(EventQueue.java:97)
	at java.awt.EventQueue$3.run(EventQueue.java:709)
	at java.awt.EventQueue$3.run(EventQueue.java:703)
	at java.security.AccessController.doPrivileged(Native Method)
	at java.security.ProtectionDomain$JavaSecurityAccessImpl.doIntersectionPrivilege(ProtectionDomain.java:76)
	at java.awt.EventQueue.dispatchEvent(EventQueue.java:726)
	at java.awt.EventDispatchThread.pumpOneEventForFilters(EventDispatchThread.java:201)
	at java.awt.EventDispatchThread.pumpEventsForFilter(EventDispatchThread.java:116)
	at java.awt.EventDispatchThread.pumpEventsForHierarchy(EventDispatchThread.java:105)
	at java.awt.EventDispatchThread.pumpEvents(EventDispatchThread.java:101)
	at java.awt.EventDispatchThread.pumpEvents(EventDispatchThread.java:93)
	at java.awt.EventDispatchThread.run(EventDispatchThread.java:82)
2018-03-09 16:43:57 DfPreferences [WARN] [DFC_PREFERENCE_UNKNOWN_NAME] "password" is not a recognized preference name
com.documentum.fc.impl.util.ThrowableStack
	at com.documentum.fc.common.impl.preferences.TypedPreferences.warnOnceAboutUnknownPreference(TypedPreferences.java:420)
	at com.documentum.fc.common.impl.preferences.TypedPreferences.warnAboutUnknownPreferences(TypedPreferences.java:411)
	at com.documentum.fc.common.impl.preferences.TypedPreferences.loadProperties(TypedPreferences.java:335)
	at com.documentum.fc.common.DfPreferences.loadProperties(DfPreferences.java:377)
	at com.documentum.fc.common.impl.preferences.PreferencesManager.<init>(PreferencesManager.java:39)
	at com.documentum.fc.common.DfPreferences.initialize(DfPreferences.java:64)
	at com.documentum.fc.common.DfPreferences.getInstance(DfPreferences.java:43)
	at com.documentum.fc.client.DfSimpleDbor.getDefaultDbor(DfSimpleDbor.java:78)
	at com.documentum.fc.client.DfSimpleDbor.<init>(DfSimpleDbor.java:66)
	at com.documentum.fc.client.DfClient$ClientImpl.<init>(DfClient.java:350)
	at com.documentum.fc.client.DfClient.<clinit>(DfClient.java:766)
	at com.documentum.com.DfClientX.getDFCVersion(DfClientX.java:304)
	at es.documentum.utilidades.UtilidadesDocumentum.DameVersionDFC(UtilidadesDocumentum.java:617)
	at es.documentum.pantalla.PantallaDocumentum.inicializar(PantallaDocumentum.java:2440)
	at es.documentum.pantalla.PantallaDocumentum.<init>(PantallaDocumentum.java:114)
	at es.documentum.pantalla.PantallaDocumentum$61.run(PantallaDocumentum.java:1936)
	at java.awt.event.InvocationEvent.dispatch(InvocationEvent.java:311)
	at java.awt.EventQueue.dispatchEventImpl(EventQueue.java:756)
	at java.awt.EventQueue.access$500(EventQueue.java:97)
	at java.awt.EventQueue$3.run(EventQueue.java:709)
	at java.awt.EventQueue$3.run(EventQueue.java:703)
	at java.security.AccessController.doPrivileged(Native Method)
	at java.security.ProtectionDomain$JavaSecurityAccessImpl.doIntersectionPrivilege(ProtectionDomain.java:76)
	at java.awt.EventQueue.dispatchEvent(EventQueue.java:726)
	at java.awt.EventDispatchThread.pumpOneEventForFilters(EventDispatchThread.java:201)
	at java.awt.EventDispatchThread.pumpEventsForFilter(EventDispatchThread.java:116)
	at java.awt.EventDispatchThread.pumpEventsForHierarchy(EventDispatchThread.java:105)
	at java.awt.EventDispatchThread.pumpEvents(EventDispatchThread.java:101)
	at java.awt.EventDispatchThread.pumpEvents(EventDispatchThread.java:93)
	at java.awt.EventDispatchThread.run(EventDispatchThread.java:82)
2018-03-09 16:43:57 JKSKeystoreUtilForDfc [INFO] keystore file name is C:\Users\E274399\documentumdfcs\documentum\shared\dfc.keystore
2018-03-09 16:43:57 InitializeKeystoreForDfc [INFO] [DFC_SECURITY_IDENTITY_LOADED] Loaded identity from keystore, DFC alias=dfc, identity=dfc_2PnZjQ9u10GXPY2T2qX8bZdJI7oa
2018-03-09 16:43:57 AuthenticationMgrForDfc [INFO] identity for authentication is dfc_2PnZjQ9u10GXPY2T2qX8bZdJI7oa
2018-03-09 16:44:02 RuntimeContext [INFO] DFC Version is 7.2.0000.0054
2018-03-09 16:44:13 DocbaseConnection [INFO] Object protocol version 2
2018-03-09 16:44:13 AuthenticationMgr [INFO] new identity bundle <dfc_2PnZjQ9u10GXPY2T2qX8bZdJI7oa	1520610253	JCA-multi		QEQZ4Mb3vdbxoDFhFrkuoBJTETPsfG6EDqcmDMHUaHlrLi4LXlgRCejZw9lOeaWq9BywsEYqXwPrQIPaXS5Lu0EmEQrYQRWKOjnkcVuE+a3q3yYzGz5nZPKgaPj5Sa4MzRwbF/J7OD4q1jgw0uZ9F7M52wRLsRZeA1q9Kcin95k=>
2018-03-09 16:44:14 DocbaseConnection [INFO] Object protocol version 2
2018-03-09 16:44:14 ClassCacheManager$CacheCleanupTask [INFO] [DFC_BOF_RUNNING_CLEANUP] Running class cache cleanup task
2018-03-09 16:44:14 CacheManifest [INFO] [DFC_BOF_FILE_REMOVED] File C:\Users\E274399\documentumdfcs\documentum\shared\cache\7.2.0000.0054\bof\D_A1_CYC\090003fc80498a5e.jar was deleted from the file system since it is no longer in use.
2018-03-09 16:44:14 CacheManifest [INFO] [DFC_BOF_FILE_REMOVED] File C:\Users\E274399\documentumdfcs\documentum\shared\cache\7.2.0000.0054\bof\D_A1_CYC\090003fc80498a67.jar was deleted from the file system since it is no longer in use.
2018-03-09 16:44:14 CacheManifest [INFO] [DFC_BOF_FILE_REMOVED] File C:\Users\E274399\documentumdfcs\documentum\shared\cache\7.2.0000.0054\bof\D_A1_CYC\090003fc80498a6f.jar was deleted from the file system since it is no longer in use.
2018-03-09 16:44:14 CacheManifest [INFO] [DFC_BOF_FILE_REMOVED] File C:\Users\E274399\documentumdfcs\documentum\shared\cache\7.2.0000.0054\bof\D_A1_CYC\090003fc80498a77.jar was deleted from the file system since it is no longer in use.
2018-03-09 16:44:14 CacheManifest [INFO] [DFC_BOF_FILE_REMOVED] File C:\Users\E274399\documentumdfcs\documentum\shared\cache\7.2.0000.0054\bof\D_A1_CYC\090003fc80498a7f.jar was deleted from the file system since it is no longer in use.
2018-03-09 16:44:14 CacheManifest [INFO] [DFC_BOF_FILE_REMOVED] File C:\Users\E274399\documentumdfcs\documentum\shared\cache\7.2.0000.0054\bof\D_A1_CYC\090003fc80498a89.jar was deleted from the file system since it is no longer in use.
2018-03-09 16:44:14 CacheManifest [INFO] [DFC_BOF_FILE_REMOVED] File C:\Users\E274399\documentumdfcs\documentum\shared\cache\7.2.0000.0054\bof\D_A1_CYC\090003fc80498a91.jar was deleted from the file system since it is no longer in use.
2018-03-09 16:44:14 CacheManifest [INFO] [DFC_BOF_FILE_REMOVED] File C:\Users\E274399\documentumdfcs\documentum\shared\cache\7.2.0000.0054\bof\D_A1_CYC\090003fc80498a99.jar was deleted from the file system since it is no longer in use.
2018-03-09 16:44:14 CacheManifest [INFO] [DFC_BOF_FILE_REMOVED] File C:\Users\E274399\documentumdfcs\documentum\shared\cache\7.2.0000.0054\bof\D_A1_CYC\090003fc80498aa3.jar was deleted from the file system since it is no longer in use.
2018-03-09 16:44:14 CacheManifest [INFO] [DFC_BOF_FILE_REMOVED] File C:\Users\E274399\documentumdfcs\documentum\shared\cache\7.2.0000.0054\bof\D_A1_CYC\090003fc80498a5c.jar was deleted from the file system since it is no longer in use.
2018-03-09 16:44:16 DocbaseConnection [INFO] Object protocol version 2
2018-03-09 16:44:16 DocbaseConnection [INFO] Object protocol version 2
2018-03-09 16:44:16 DfPreferences [WARN] [DFC_PREFERENCE_NOT_DYNAMIC] Persistent change for preference "dfc.data.dir" will not take effect until the next restart
2018-03-09 16:44:16 DfPreferences [WARN] [DFC_PREFERENCE_NOT_DYNAMIC] Persistent change for preference "dfc.security.keystore.file" will not take effect until the next restart
2018-03-09 16:44:17 DocbaseConnection [INFO] Object protocol version 2
2018-03-09 16:47:24 DfPreferences [WARN] [DFC_PREFERENCE_UNKNOWN_NAME] "repositorio" is not a recognized preference name
com.documentum.fc.impl.util.ThrowableStack
	at com.documentum.fc.common.impl.preferences.TypedPreferences.warnOnceAboutUnknownPreference(TypedPreferences.java:420)
	at com.documentum.fc.common.impl.preferences.TypedPreferences.warnAboutUnknownPreferences(TypedPreferences.java:411)
	at com.documentum.fc.common.impl.preferences.TypedPreferences.loadProperties(TypedPreferences.java:335)
	at com.documentum.fc.common.DfPreferences.loadProperties(DfPreferences.java:377)
	at com.documentum.fc.common.impl.preferences.PreferencesManager.<init>(PreferencesManager.java:38)
	at com.documentum.fc.common.DfPreferences.initialize(DfPreferences.java:64)
	at com.documentum.fc.common.DfPreferences.getInstance(DfPreferences.java:43)
	at com.documentum.fc.client.DfSimpleDbor.getDefaultDbor(DfSimpleDbor.java:78)
	at com.documentum.fc.client.DfSimpleDbor.<init>(DfSimpleDbor.java:66)
	at com.documentum.fc.client.DfClient$ClientImpl.<init>(DfClient.java:350)
	at com.documentum.fc.client.DfClient.<clinit>(DfClient.java:766)
	at com.documentum.com.DfClientX.getDFCVersion(DfClientX.java:304)
	at es.documentum.utilidades.UtilidadesDocumentum.DameVersionDFC(UtilidadesDocumentum.java:617)
	at es.documentum.pantalla.PantallaDocumentum.inicializar(PantallaDocumentum.java:2440)
	at es.documentum.pantalla.PantallaDocumentum.<init>(PantallaDocumentum.java:114)
	at es.documentum.pantalla.PantallaDocumentum$61.run(PantallaDocumentum.java:1936)
	at java.awt.event.InvocationEvent.dispatch(InvocationEvent.java:311)
	at java.awt.EventQueue.dispatchEventImpl(EventQueue.java:756)
	at java.awt.EventQueue.access$500(EventQueue.java:97)
	at java.awt.EventQueue$3.run(EventQueue.java:709)
	at java.awt.EventQueue$3.run(EventQueue.java:703)
	at java.security.AccessController.doPrivileged(Native Method)
	at java.security.ProtectionDomain$JavaSecurityAccessImpl.doIntersectionPrivilege(ProtectionDomain.java:76)
	at java.awt.EventQueue.dispatchEvent(EventQueue.java:726)
	at java.awt.EventDispatchThread.pumpOneEventForFilters(EventDispatchThread.java:201)
	at java.awt.EventDispatchThread.pumpEventsForFilter(EventDispatchThread.java:116)
	at java.awt.EventDispatchThread.pumpEventsForHierarchy(EventDispatchThread.java:105)
	at java.awt.EventDispatchThread.pumpEvents(EventDispatchThread.java:101)
	at java.awt.EventDispatchThread.pumpEvents(EventDispatchThread.java:93)
	at java.awt.EventDispatchThread.run(EventDispatchThread.java:82)
2018-03-09 16:47:24 DfPreferences [WARN] [DFC_PREFERENCE_UNKNOWN_NAME] "usuario" is not a recognized preference name
com.documentum.fc.impl.util.ThrowableStack
	at com.documentum.fc.common.impl.preferences.TypedPreferences.warnOnceAboutUnknownPreference(TypedPreferences.java:420)
	at com.documentum.fc.common.impl.preferences.TypedPreferences.warnAboutUnknownPreferences(TypedPreferences.java:411)
	at com.documentum.fc.common.impl.preferences.TypedPreferences.loadProperties(TypedPreferences.java:335)
	at com.documentum.fc.common.DfPreferences.loadProperties(DfPreferences.java:377)
	at com.documentum.fc.common.impl.preferences.PreferencesManager.<init>(PreferencesManager.java:38)
	at com.documentum.fc.common.DfPreferences.initialize(DfPreferences.java:64)
	at com.documentum.fc.common.DfPreferences.getInstance(DfPreferences.java:43)
	at com.documentum.fc.client.DfSimpleDbor.getDefaultDbor(DfSimpleDbor.java:78)
	at com.documentum.fc.client.DfSimpleDbor.<init>(DfSimpleDbor.java:66)
	at com.documentum.fc.client.DfClient$ClientImpl.<init>(DfClient.java:350)
	at com.documentum.fc.client.DfClient.<clinit>(DfClient.java:766)
	at com.documentum.com.DfClientX.getDFCVersion(DfClientX.java:304)
	at es.documentum.utilidades.UtilidadesDocumentum.DameVersionDFC(UtilidadesDocumentum.java:617)
	at es.documentum.pantalla.PantallaDocumentum.inicializar(PantallaDocumentum.java:2440)
	at es.documentum.pantalla.PantallaDocumentum.<init>(PantallaDocumentum.java:114)
	at es.documentum.pantalla.PantallaDocumentum$61.run(PantallaDocumentum.java:1936)
	at java.awt.event.InvocationEvent.dispatch(InvocationEvent.java:311)
	at java.awt.EventQueue.dispatchEventImpl(EventQueue.java:756)
	at java.awt.EventQueue.access$500(EventQueue.java:97)
	at java.awt.EventQueue$3.run(EventQueue.java:709)
	at java.awt.EventQueue$3.run(EventQueue.java:703)
	at java.security.AccessController.doPrivileged(Native Method)
	at java.security.ProtectionDomain$JavaSecurityAccessImpl.doIntersectionPrivilege(ProtectionDomain.java:76)
	at java.awt.EventQueue.dispatchEvent(EventQueue.java:726)
	at java.awt.EventDispatchThread.pumpOneEventForFilters(EventDispatchThread.java:201)
	at java.awt.EventDispatchThread.pumpEventsForFilter(EventDispatchThread.java:116)
	at java.awt.EventDispatchThread.pumpEventsForHierarchy(EventDispatchThread.java:105)
	at java.awt.EventDispatchThread.pumpEvents(EventDispatchThread.java:101)
	at java.awt.EventDispatchThread.pumpEvents(EventDispatchThread.java:93)
	at java.awt.EventDispatchThread.run(EventDispatchThread.java:82)
2018-03-09 16:47:24 DfPreferences [WARN] [DFC_PREFERENCE_UNKNOWN_NAME] "password" is not a recognized preference name
com.documentum.fc.impl.util.ThrowableStack
	at com.documentum.fc.common.impl.preferences.TypedPreferences.warnOnceAboutUnknownPreference(TypedPreferences.java:420)
	at com.documentum.fc.common.impl.preferences.TypedPreferences.warnAboutUnknownPreferences(TypedPreferences.java:411)
	at com.documentum.fc.common.impl.preferences.TypedPreferences.loadProperties(TypedPreferences.java:335)
	at com.documentum.fc.common.DfPreferences.loadProperties(DfPreferences.java:377)
	at com.documentum.fc.common.impl.preferences.PreferencesManager.<init>(PreferencesManager.java:38)
	at com.documentum.fc.common.DfPreferences.initialize(DfPreferences.java:64)
	at com.documentum.fc.common.DfPreferences.getInstance(DfPreferences.java:43)
	at com.documentum.fc.client.DfSimpleDbor.getDefaultDbor(DfSimpleDbor.java:78)
	at com.documentum.fc.client.DfSimpleDbor.<init>(DfSimpleDbor.java:66)
	at com.documentum.fc.client.DfClient$ClientImpl.<init>(DfClient.java:350)
	at com.documentum.fc.client.DfClient.<clinit>(DfClient.java:766)
	at com.documentum.com.DfClientX.getDFCVersion(DfClientX.java:304)
	at es.documentum.utilidades.UtilidadesDocumentum.DameVersionDFC(UtilidadesDocumentum.java:617)
	at es.documentum.pantalla.PantallaDocumentum.inicializar(PantallaDocumentum.java:2440)
	at es.documentum.pantalla.PantallaDocumentum.<init>(PantallaDocumentum.java:114)
	at es.documentum.pantalla.PantallaDocumentum$61.run(PantallaDocumentum.java:1936)
	at java.awt.event.InvocationEvent.dispatch(InvocationEvent.java:311)
	at java.awt.EventQueue.dispatchEventImpl(EventQueue.java:756)
	at java.awt.EventQueue.access$500(EventQueue.java:97)
	at java.awt.EventQueue$3.run(EventQueue.java:709)
	at java.awt.EventQueue$3.run(EventQueue.java:703)
	at java.security.AccessController.doPrivileged(Native Method)
	at java.security.ProtectionDomain$JavaSecurityAccessImpl.doIntersectionPrivilege(ProtectionDomain.java:76)
	at java.awt.EventQueue.dispatchEvent(EventQueue.java:726)
	at java.awt.EventDispatchThread.pumpOneEventForFilters(EventDispatchThread.java:201)
	at java.awt.EventDispatchThread.pumpEventsForFilter(EventDispatchThread.java:116)
	at java.awt.EventDispatchThread.pumpEventsForHierarchy(EventDispatchThread.java:105)
	at java.awt.EventDispatchThread.pumpEvents(EventDispatchThread.java:101)
	at java.awt.EventDispatchThread.pumpEvents(EventDispatchThread.java:93)
	at java.awt.EventDispatchThread.run(EventDispatchThread.java:82)
2018-03-09 16:47:25 DfPreferences [WARN] [DFC_PREFERENCE_UNKNOWN_NAME] "repositorio" is not a recognized preference name
com.documentum.fc.impl.util.ThrowableStack
	at com.documentum.fc.common.impl.preferences.TypedPreferences.warnOnceAboutUnknownPreference(TypedPreferences.java:420)
	at com.documentum.fc.common.impl.preferences.TypedPreferences.warnAboutUnknownPreferences(TypedPreferences.java:411)
	at com.documentum.fc.common.impl.preferences.TypedPreferences.loadProperties(TypedPreferences.java:335)
	at com.documentum.fc.common.DfPreferences.loadProperties(DfPreferences.java:377)
	at com.documentum.fc.common.impl.preferences.PreferencesManager.<init>(PreferencesManager.java:39)
	at com.documentum.fc.common.DfPreferences.initialize(DfPreferences.java:64)
	at com.documentum.fc.common.DfPreferences.getInstance(DfPreferences.java:43)
	at com.documentum.fc.client.DfSimpleDbor.getDefaultDbor(DfSimpleDbor.java:78)
	at com.documentum.fc.client.DfSimpleDbor.<init>(DfSimpleDbor.java:66)
	at com.documentum.fc.client.DfClient$ClientImpl.<init>(DfClient.java:350)
	at com.documentum.fc.client.DfClient.<clinit>(DfClient.java:766)
	at com.documentum.com.DfClientX.getDFCVersion(DfClientX.java:304)
	at es.documentum.utilidades.UtilidadesDocumentum.DameVersionDFC(UtilidadesDocumentum.java:617)
	at es.documentum.pantalla.PantallaDocumentum.inicializar(PantallaDocumentum.java:2440)
	at es.documentum.pantalla.PantallaDocumentum.<init>(PantallaDocumentum.java:114)
	at es.documentum.pantalla.PantallaDocumentum$61.run(PantallaDocumentum.java:1936)
	at java.awt.event.InvocationEvent.dispatch(InvocationEvent.java:311)
	at java.awt.EventQueue.dispatchEventImpl(EventQueue.java:756)
	at java.awt.EventQueue.access$500(EventQueue.java:97)
	at java.awt.EventQueue$3.run(EventQueue.java:709)
	at java.awt.EventQueue$3.run(EventQueue.java:703)
	at java.security.AccessController.doPrivileged(Native Method)
	at java.security.ProtectionDomain$JavaSecurityAccessImpl.doIntersectionPrivilege(ProtectionDomain.java:76)
	at java.awt.EventQueue.dispatchEvent(EventQueue.java:726)
	at java.awt.EventDispatchThread.pumpOneEventForFilters(EventDispatchThread.java:201)
	at java.awt.EventDispatchThread.pumpEventsForFilter(EventDispatchThread.java:116)
	at java.awt.EventDispatchThread.pumpEventsForHierarchy(EventDispatchThread.java:105)
	at java.awt.EventDispatchThread.pumpEvents(EventDispatchThread.java:101)
	at java.awt.EventDispatchThread.pumpEvents(EventDispatchThread.java:93)
	at java.awt.EventDispatchThread.run(EventDispatchThread.java:82)
2018-03-09 16:47:25 DfPreferences [WARN] [DFC_PREFERENCE_UNKNOWN_NAME] "usuario" is not a recognized preference name
com.documentum.fc.impl.util.ThrowableStack
	at com.documentum.fc.common.impl.preferences.TypedPreferences.warnOnceAboutUnknownPreference(TypedPreferences.java:420)
	at com.documentum.fc.common.impl.preferences.TypedPreferences.warnAboutUnknownPreferences(TypedPreferences.java:411)
	at com.documentum.fc.common.impl.preferences.TypedPreferences.loadProperties(TypedPreferences.java:335)
	at com.documentum.fc.common.DfPreferences.loadProperties(DfPreferences.java:377)
	at com.documentum.fc.common.impl.preferences.PreferencesManager.<init>(PreferencesManager.java:39)
	at com.documentum.fc.common.DfPreferences.initialize(DfPreferences.java:64)
	at com.documentum.fc.common.DfPreferences.getInstance(DfPreferences.java:43)
	at com.documentum.fc.client.DfSimpleDbor.getDefaultDbor(DfSimpleDbor.java:78)
	at com.documentum.fc.client.DfSimpleDbor.<init>(DfSimpleDbor.java:66)
	at com.documentum.fc.client.DfClient$ClientImpl.<init>(DfClient.java:350)
	at com.documentum.fc.client.DfClient.<clinit>(DfClient.java:766)
	at com.documentum.com.DfClientX.getDFCVersion(DfClientX.java:304)
	at es.documentum.utilidades.UtilidadesDocumentum.DameVersionDFC(UtilidadesDocumentum.java:617)
	at es.documentum.pantalla.PantallaDocumentum.inicializar(PantallaDocumentum.java:2440)
	at es.documentum.pantalla.PantallaDocumentum.<init>(PantallaDocumentum.java:114)
	at es.documentum.pantalla.PantallaDocumentum$61.run(PantallaDocumentum.java:1936)
	at java.awt.event.InvocationEvent.dispatch(InvocationEvent.java:311)
	at java.awt.EventQueue.dispatchEventImpl(EventQueue.java:756)
	at java.awt.EventQueue.access$500(EventQueue.java:97)
	at java.awt.EventQueue$3.run(EventQueue.java:709)
	at java.awt.EventQueue$3.run(EventQueue.java:703)
	at java.security.AccessController.doPrivileged(Native Method)
	at java.security.ProtectionDomain$JavaSecurityAccessImpl.doIntersectionPrivilege(ProtectionDomain.java:76)
	at java.awt.EventQueue.dispatchEvent(EventQueue.java:726)
	at java.awt.EventDispatchThread.pumpOneEventForFilters(EventDispatchThread.java:201)
	at java.awt.EventDispatchThread.pumpEventsForFilter(EventDispatchThread.java:116)
	at java.awt.EventDispatchThread.pumpEventsForHierarchy(EventDispatchThread.java:105)
	at java.awt.EventDispatchThread.pumpEvents(EventDispatchThread.java:101)
	at java.awt.EventDispatchThread.pumpEvents(EventDispatchThread.java:93)
	at java.awt.EventDispatchThread.run(EventDispatchThread.java:82)
2018-03-09 16:47:25 DfPreferences [WARN] [DFC_PREFERENCE_UNKNOWN_NAME] "password" is not a recognized preference name
com.documentum.fc.impl.util.ThrowableStack
	at com.documentum.fc.common.impl.preferences.TypedPreferences.warnOnceAboutUnknownPreference(TypedPreferences.java:420)
	at com.documentum.fc.common.impl.preferences.TypedPreferences.warnAboutUnknownPreferences(TypedPreferences.java:411)
	at com.documentum.fc.common.impl.preferences.TypedPreferences.loadProperties(TypedPreferences.java:335)
	at com.documentum.fc.common.DfPreferences.loadProperties(DfPreferences.java:377)
	at com.documentum.fc.common.impl.preferences.PreferencesManager.<init>(PreferencesManager.java:39)
	at com.documentum.fc.common.DfPreferences.initialize(DfPreferences.java:64)
	at com.documentum.fc.common.DfPreferences.getInstance(DfPreferences.java:43)
	at com.documentum.fc.client.DfSimpleDbor.getDefaultDbor(DfSimpleDbor.java:78)
	at com.documentum.fc.client.DfSimpleDbor.<init>(DfSimpleDbor.java:66)
	at com.documentum.fc.client.DfClient$ClientImpl.<init>(DfClient.java:350)
	at com.documentum.fc.client.DfClient.<clinit>(DfClient.java:766)
	at com.documentum.com.DfClientX.getDFCVersion(DfClientX.java:304)
	at es.documentum.utilidades.UtilidadesDocumentum.DameVersionDFC(UtilidadesDocumentum.java:617)
	at es.documentum.pantalla.PantallaDocumentum.inicializar(PantallaDocumentum.java:2440)
	at es.documentum.pantalla.PantallaDocumentum.<init>(PantallaDocumentum.java:114)
	at es.documentum.pantalla.PantallaDocumentum$61.run(PantallaDocumentum.java:1936)
	at java.awt.event.InvocationEvent.dispatch(InvocationEvent.java:311)
	at java.awt.EventQueue.dispatchEventImpl(EventQueue.java:756)
	at java.awt.EventQueue.access$500(EventQueue.java:97)
	at java.awt.EventQueue$3.run(EventQueue.java:709)
	at java.awt.EventQueue$3.run(EventQueue.java:703)
	at java.security.AccessController.doPrivileged(Native Method)
	at java.security.ProtectionDomain$JavaSecurityAccessImpl.doIntersectionPrivilege(ProtectionDomain.java:76)
	at java.awt.EventQueue.dispatchEvent(EventQueue.java:726)
	at java.awt.EventDispatchThread.pumpOneEventForFilters(EventDispatchThread.java:201)
	at java.awt.EventDispatchThread.pumpEventsForFilter(EventDispatchThread.java:116)
	at java.awt.EventDispatchThread.pumpEventsForHierarchy(EventDispatchThread.java:105)
	at java.awt.EventDispatchThread.pumpEvents(EventDispatchThread.java:101)
	at java.awt.EventDispatchThread.pumpEvents(EventDispatchThread.java:93)
	at java.awt.EventDispatchThread.run(EventDispatchThread.java:82)
2018-03-09 16:47:25 JKSKeystoreUtilForDfc [INFO] keystore file name is C:\Users\E274399\documentumdfcs\documentum\shared\dfc.keystore
2018-03-09 16:47:25 InitializeKeystoreForDfc [INFO] [DFC_SECURITY_IDENTITY_LOADED] Loaded identity from keystore, DFC alias=dfc, identity=dfc_2PnZjQ9u10GXPY2T2qX8bZdJI7oa
2018-03-09 16:47:25 AuthenticationMgrForDfc [INFO] identity for authentication is dfc_2PnZjQ9u10GXPY2T2qX8bZdJI7oa
2018-03-09 16:47:30 RuntimeContext [INFO] DFC Version is 7.2.0000.0054
2018-03-09 16:47:40 DocbaseConnection [INFO] Object protocol version 2
2018-03-09 16:47:40 AuthenticationMgr [INFO] new identity bundle <dfc_2PnZjQ9u10GXPY2T2qX8bZdJI7oa	1520610460	JCA-multi		J18NW1krPADIya9MVJ8nAZlaG1COKZH8/SwYOsV8k0nv97sWNZ/L8svfBHq4QZDZfEoR+Ll5Eks8y7HQECz2yHR1hqrP3jxXJvQ7RZQjWK5appOlwp/Yt9/2WHkgc5FvjQUfUl5NSWY/Lcp57VYOYQKtT2m26DM9O0LZf8AgTEQ=>
2018-03-09 16:47:40 DocbaseConnection [INFO] Object protocol version 2
2018-03-09 16:47:41 ClassCacheManager$CacheCleanupTask [INFO] [DFC_BOF_RUNNING_CLEANUP] Running class cache cleanup task
2018-03-09 16:47:41 CacheManifest [INFO] [DFC_BOF_FILE_REMOVED] File C:\Users\E274399\documentumdfcs\documentum\shared\cache\7.2.0000.0054\bof\D_A1_CYC\090003fc80498a63.jar was deleted from the file system since it is no longer in use.
2018-03-09 16:47:41 CacheManifest [INFO] [DFC_BOF_FILE_REMOVED] File C:\Users\E274399\documentumdfcs\documentum\shared\cache\7.2.0000.0054\bof\D_A1_CYC\090003fc80498a73.jar was deleted from the file system since it is no longer in use.
2018-03-09 16:47:41 CacheManifest [INFO] [DFC_BOF_FILE_REMOVED] File C:\Users\E274399\documentumdfcs\documentum\shared\cache\7.2.0000.0054\bof\D_A1_CYC\090003fc80498a83.jar was deleted from the file system since it is no longer in use.
2018-03-09 16:47:41 CacheManifest [INFO] [DFC_BOF_FILE_REMOVED] File C:\Users\E274399\documentumdfcs\documentum\shared\cache\7.2.0000.0054\bof\D_A1_CYC\090003fc80498a95.jar was deleted from the file system since it is no longer in use.
2018-03-09 16:47:41 CacheManifest [INFO] [DFC_BOF_FILE_REMOVED] File C:\Users\E274399\documentumdfcs\documentum\shared\cache\7.2.0000.0054\bof\D_A1_CYC\090003fc80498a58.jar was deleted from the file system since it is no longer in use.
2018-03-09 16:47:46 ClassCacheManager [INFO] [DFC_BOF_OBJECT_DOWNLOADED] Object defaultdatatypeaspect was downloaded from docbase D_A1_CYC successfully.
2018-03-09 16:47:47 ClassCacheManager [INFO] [DFC_BOF_OBJECT_DOWNLOADED] Object dmc_topic_aspect was downloaded from docbase D_A1_CYC successfully.
2018-03-09 16:47:47 DocbaseConnection [INFO] Object protocol version 2
2018-03-09 16:47:47 DocbaseConnection [INFO] Object protocol version 2
2018-03-09 16:47:47 DocbaseConnection [INFO] Object protocol version 2
2018-03-09 16:47:48 DfPreferences [WARN] [DFC_PREFERENCE_NOT_DYNAMIC] Persistent change for preference "dfc.data.dir" will not take effect until the next restart
2018-03-09 16:47:48 DfPreferences [WARN] [DFC_PREFERENCE_NOT_DYNAMIC] Persistent change for preference "dfc.security.keystore.file" will not take effect until the next restart
2018-03-09 16:47:58 DocbaseConnection [INFO] Object protocol version 2
2018-03-09 16:48:17 DocbaseConnection [INFO] Object protocol version 2
2018-03-09 16:48:18 DocbaseConnection [INFO] Object protocol version 2
2018-03-09 16:48:18 DocbaseConnection [INFO] Object protocol version 2
2018-03-09 16:48:19 DocbaseConnection [INFO] Object protocol version 2
2018-03-09 16:48:27 DocbaseConnection [INFO] Object protocol version 2
2018-03-09 16:48:56 DocbaseConnection [INFO] Object protocol version 2
2018-03-09 16:49:19 DocbaseConnection [INFO] Object protocol version 2
2018-03-09 16:49:19 DocbaseConnection [INFO] Object protocol version 2
2018-03-09 16:49:32 DocbaseConnection [INFO] Object protocol version 2
2018-03-09 16:49:32 DocbaseConnection [INFO] Object protocol version 2
2018-03-09 16:49:32 DocbaseConnection [INFO] Object protocol version 2
2018-03-09 16:49:35 DocbaseConnection [INFO] Object protocol version 2
2018-03-09 16:49:35 DocbaseConnection [INFO] Object protocol version 2
2018-03-09 16:49:35 DocbaseConnection [INFO] Object protocol version 2
2018-03-09 16:50:11 DocbaseConnection [INFO] Object protocol version 2
2018-03-09 16:50:11 DocbaseConnection [INFO] Object protocol version 2
2018-03-09 16:50:11 DocbaseConnection [INFO] Object protocol version 2
2018-03-09 16:50:12 DocbaseConnection [INFO] Object protocol version 2
2018-03-09 16:50:12 DocbaseConnection [INFO] Object protocol version 2
2018-03-09 16:59:36 DocbaseConnection [INFO] Object protocol version 2
2018-03-09 16:59:36 DocbaseConnection [INFO] Object protocol version 2
2018-03-09 16:59:36 DocbaseConnection [INFO] Object protocol version 2
2018-03-09 16:59:36 DocbaseConnection [INFO] Object protocol version 2
2018-03-09 16:59:36 DocbaseConnection [INFO] Object protocol version 2
2018-03-09 17:12:34 DocbaseConnection [INFO] Object protocol version 2
2018-03-09 17:12:34 AuthenticationMgr [INFO] new identity bundle <dfc_2PnZjQ9u10GXPY2T2qX8bZdJI7oa	1520611954	JCA-multi		lcO9qHwVWK8fyEBA4YEVHkR4ie0eFztW65alYmYEmdinpxsSObzGS0Cqgt47fiEU7nXKFpr2x4pTmklwHraHHUGN1utj0cxM/ZfTpUMp2SzYYDdUs9TW0AEuKX40/4I3LDD90rpk59bR9H7kFkJ7nOvJubD33eQXZ5qN7+vbDPo=>
2018-03-09 17:13:31 DocbaseConnection [INFO] Object protocol version 2
2018-03-09 17:13:32 DocbaseConnection [INFO] Object protocol version 2
2018-03-09 17:13:33 DocbaseConnection [INFO] Object protocol version 2
2018-03-09 17:13:33 DocbaseConnection [INFO] Object protocol version 2
2018-03-09 17:13:36 DocbaseConnection [INFO] Object protocol version 2
2018-03-09 17:14:21 DocbaseConnection [INFO] Object protocol version 2
